<?xml version="1.0" encoding="UTF-8"?>
<!-- Generated by org.testng.reporters.JUnitXMLReporter -->
<testsuite ignored="1" hostname="OCT-JULIEN" failures="0" tests="2" name="Chrome Test" time="16.1" errors="0" timestamp="2022-06-20T17:01:25 WAT">
  <testcase classname="TestLogin" name="Login" time="4.878"/>
  <testcase classname="Payments" name="makePayment" time="1.122"/>
  <testcase classname="TestBase" name="@BeforeSuite beforeSuite" time="0.0">
    <ignored/>
  </testcase> <!-- @BeforeSuite beforeSuite -->
</testsuite> <!-- Chrome Test -->
