<?xml version="1.0" encoding="UTF-8"?>
<!-- Generated by org.testng.reporters.JUnitXMLReporter -->
<testsuite hostname="OCT-JULIEN" ignored="1" tests="1" failures="1" timestamp="2022-06-10T19:47:00 WAT" time="0.234" errors="0">
  <testcase name="Login" time="0.062" classname="TestLogin">
    <failure type="java.lang.NoClassDefFoundError" message="org/apache/poi/util/POILogFactory">
      <![CDATA[java.lang.NoClassDefFoundError: org/apache/poi/util/POILogFactory
at org.apache.poi.ooxml.POIXMLDocumentPart.<clinit>(POIXMLDocumentPart.java:54)
at Utility.TestData.OpenExcelFile(TestData.java:62)
at Utility.TestData.getRowCount(TestData.java:44)
at TestLogin.Login(TestLogin.java:31)
at java.util.ArrayList.forEach(ArrayList.java:1257)
Caused by: java.lang.ClassNotFoundException: org.apache.poi.util.POILogFactory
at java.net.URLClassLoader.findClass(URLClassLoader.java:382)
at java.lang.ClassLoader.loadClass(ClassLoader.java:424)
at sun.misc.Launcher$AppClassLoader.loadClass(Launcher.java:349)
at java.lang.ClassLoader.loadClass(ClassLoader.java:357)
... 42 more
... Removed 37 stack frames]]>
    </failure>
  </testcase> <!-- Login -->
  <testcase name="@BeforeSuite beforeSuite" time="0.0" classname="TestBase">
    <ignored/>
  </testcase> <!-- @BeforeSuite beforeSuite -->
</testsuite>
