<?xml version="1.0" encoding="UTF-8" ?>
<testsuite tests="3" failures="1" name="TestSuite" time="28.291" errors="0" skipped="0">
  <properties>
[...]
</properties>
  <testcase classname="TestLogin" name="NegativeTests" time="17.156"/>
  <testcase classname="TestLogin" name="ValidEmailAndPassword" time="2.924"/>
  <testcase classname="TestUsers" name="createSuccesful" time="8.211">
    <failure message="element click intercepted: Element &lt;button class=&quot;MuiButtonBase-root MuiButton-root MuiButton-text jss30 jss31&quot; tabindex=&quot;0&quot; type=&quot;submit&quot; margintop=&quot;30px&quot; width=&quot;30%&quot; height=&quot;40&quot;&gt;...&lt;/button&gt; is not clickable at point (420, 583). Other element would receive the click: &lt;html lang=&quot;en&quot;&gt;...&lt;/html&gt;
  (Session info: chrome=103.0.5060.53)
Build info: version: &apos;4.1.1&apos;, revision: &apos;e8fcc2cecf&apos;
System info: host: &apos;OCT-JULIEN&apos;, ip: &apos;10.0.2.100&apos;, os.name: &apos;Windows 10&apos;, os.arch: &apos;amd64&apos;, os.version: &apos;10.0&apos;, java.version: &apos;1.8.0_221&apos;
Driver info: org.openqa.selenium.chrome.ChromeDriver
Command: [ad491036896ea6dd89da4bd0f00797a1, clickElement {id=2be9f77c-0302-4a1d-9661-a87abc7f5385}]
Capabilities {acceptInsecureCerts: false, browserName: chrome, browserVersion: 103.0.5060.53, chrome: {chromedriverVersion: 103.0.5060.53 (a1711811edd7..., userDataDir: C:\WINDOWS\TEMP\scoped_dir2...}, goog:chromeOptions: {debuggerAddress: localhost:55797}, javascriptEnabled: true, networkConnectionEnabled: false, pageLoadStrategy: normal, platform: WINDOWS, platformName: WINDOWS, proxy: Proxy(), se:cdp: ws://localhost:55797/devtoo..., se:cdpVersion: 103.0.5060.53, setWindowRect: true, strictFileInteractability: false, timeouts: {implicit: 0, pageLoad: 300000, script: 30000}, unhandledPromptBehavior: dismiss and notify, webauthn:extension:credBlob: true, webauthn:extension:largeBlob: true, webauthn:virtualAuthenticators: true}
Element: [[ChromeDriver: chrome on WINDOWS (ad491036896ea6dd89da4bd0f00797a1)] -&gt; xpath: //button[contains(@class,&apos;MuiButton-root MuiButton-text jss&apos;) and @type=&apos;submit&apos;]]
Session ID: ad491036896ea6dd89da4bd0f00797a1" type="org.openqa.selenium.ElementClickInterceptedException">org.openqa.selenium.ElementClickInterceptedException: element click intercepted: Element &lt;button class=&quot;MuiButtonBase-root MuiButton-root MuiButton-text jss30 jss31&quot; tabindex=&quot;0&quot; type=&quot;submit&quot; margintop=&quot;30px&quot; width=&quot;30%&quot; height=&quot;40&quot;&gt;...&lt;/button&gt; is not clickable at point (420, 583). Other element would receive the click: &lt;html lang=&quot;en&quot;&gt;...&lt;/html&gt;
  (Session info: chrome=103.0.5060.53)
Build info: version: &apos;4.1.1&apos;, revision: &apos;e8fcc2cecf&apos;
System info: host: &apos;OCT-JULIEN&apos;, ip: &apos;10.0.2.100&apos;, os.name: &apos;Windows 10&apos;, os.arch: &apos;amd64&apos;, os.version: &apos;10.0&apos;, java.version: &apos;1.8.0_221&apos;
Driver info: org.openqa.selenium.chrome.ChromeDriver
Command: [ad491036896ea6dd89da4bd0f00797a1, clickElement {id=2be9f77c-0302-4a1d-9661-a87abc7f5385}]
Capabilities {acceptInsecureCerts: false, browserName: chrome, browserVersion: 103.0.5060.53, chrome: {chromedriverVersion: 103.0.5060.53 (a1711811edd7..., userDataDir: C:\WINDOWS\TEMP\scoped_dir2...}, goog:chromeOptions: {debuggerAddress: localhost:55797}, javascriptEnabled: true, networkConnectionEnabled: false, pageLoadStrategy: normal, platform: WINDOWS, platformName: WINDOWS, proxy: Proxy(), se:cdp: ws://localhost:55797/devtoo..., se:cdpVersion: 103.0.5060.53, setWindowRect: true, strictFileInteractability: false, timeouts: {implicit: 0, pageLoad: 300000, script: 30000}, unhandledPromptBehavior: dismiss and notify, webauthn:extension:credBlob: true, webauthn:extension:largeBlob: true, webauthn:virtualAuthenticators: true}
Element: [[ChromeDriver: chrome on WINDOWS (ad491036896ea6dd89da4bd0f00797a1)] -&gt; xpath: //button[contains(@class,&apos;MuiButton-root MuiButton-text jss&apos;) and @type=&apos;submit&apos;]]
Session ID: ad491036896ea6dd89da4bd0f00797a1
	at sun.reflect.NativeConstructorAccessorImpl.newInstance0(Native Method)
	at sun.reflect.NativeConstructorAccessorImpl.newInstance(NativeConstructorAccessorImpl.java:62)
	at sun.reflect.DelegatingConstructorAccessorImpl.newInstance(DelegatingConstructorAccessorImpl.java:45)
	at java.lang.reflect.Constructor.newInstance(Constructor.java:423)
	at org.openqa.selenium.remote.codec.w3c.W3CHttpResponseCodec.createException(W3CHttpResponseCodec.java:200)
	at org.openqa.selenium.remote.codec.w3c.W3CHttpResponseCodec.decode(W3CHttpResponseCodec.java:133)
	at org.openqa.selenium.remote.codec.w3c.W3CHttpResponseCodec.decode(W3CHttpResponseCodec.java:53)
	at org.openqa.selenium.remote.HttpCommandExecutor.execute(HttpCommandExecutor.java:184)
	at org.openqa.selenium.remote.service.DriverCommandExecutor.invokeExecute(DriverCommandExecutor.java:167)
	at org.openqa.selenium.remote.service.DriverCommandExecutor.execute(DriverCommandExecutor.java:142)
	at org.openqa.selenium.remote.RemoteWebDriver.execute(RemoteWebDriver.java:543)
	at org.openqa.selenium.remote.RemoteWebElement.execute(RemoteWebElement.java:251)
	at org.openqa.selenium.remote.RemoteWebElement.click(RemoteWebElement.java:77)
	at TestUsers.createUsers(TestUsers.java:54)
	at TestUsers.createSuccesful(TestUsers.java:65)
</failure>
    <system-out>[INFO ] 2022-07-07 14:35:49.376 [main] Log - 07-07-2022_02.35.49_ValidEmailAndPassword.png
[INFO ] 2022-07-07 14:35:49.376 [main] Log - Test Failed atValidEmailAndPassword
[INFO ] 2022-07-07 14:35:49.378 [main] Log - X
[INFO ] 2022-07-07 14:35:49.379 [main] Log - $$$$$$$$$$$$$$$$$$$$$                 Create Users       $$$$$$$$$$$$$$$$$$$$$$$$$
[INFO ] 2022-07-07 14:35:49.379 [main] Log - ****************************************************************************************
[DEBUG] 2022-07-07 14:35:49.961 [main] PackageRelationshipCollection - Parsing relationship: /xl/_rels/workbook.xml.rels
[DEBUG] 2022-07-07 14:35:49.961 [main] PackageRelationshipCollection - Parsing relationship: /xl/worksheets/_rels/sheet1.xml.rels
[DEBUG] 2022-07-07 14:35:49.962 [main] PackageRelationshipCollection - Parsing relationship: /xl/worksheets/_rels/sheet2.xml.rels
[DEBUG] 2022-07-07 14:35:49.962 [main] PackageRelationshipCollection - Parsing relationship: /xl/worksheets/_rels/sheet3.xml.rels
[DEBUG] 2022-07-07 14:35:49.963 [main] PackageRelationshipCollection - Parsing relationship: /xl/worksheets/_rels/sheet4.xml.rels
[DEBUG] 2022-07-07 14:35:49.963 [main] PackageRelationshipCollection - Parsing relationship: /_rels/.rels
[DEBUG] 2022-07-07 14:35:49.973 [main] POIXMLFactory - using default POIXMLDocumentPart for http://schemas.openxmlformats.org/officeDocument/2006/relationships/printerSettings
[DEBUG] 2022-07-07 14:35:49.973 [main] POIXMLFactory - using default POIXMLDocumentPart for http://schemas.openxmlformats.org/officeDocument/2006/relationships/printerSettings
[DEBUG] 2022-07-07 14:35:49.973 [main] POIXMLFactory - using default POIXMLDocumentPart for http://schemas.openxmlformats.org/officeDocument/2006/relationships/printerSettings
[DEBUG] 2022-07-07 14:35:49.973 [main] POIXMLFactory - using default POIXMLDocumentPart for http://schemas.openxmlformats.org/officeDocument/2006/relationships/printerSettings
[DEBUG] 2022-07-07 14:35:50.147 [main] PackageRelationshipCollection - Parsing relationship: /xl/_rels/workbook.xml.rels
[DEBUG] 2022-07-07 14:35:50.148 [main] PackageRelationshipCollection - Parsing relationship: /xl/worksheets/_rels/sheet1.xml.rels
[DEBUG] 2022-07-07 14:35:50.148 [main] PackageRelationshipCollection - Parsing relationship: /xl/worksheets/_rels/sheet2.xml.rels
[DEBUG] 2022-07-07 14:35:50.149 [main] PackageRelationshipCollection - Parsing relationship: /xl/worksheets/_rels/sheet3.xml.rels
[DEBUG] 2022-07-07 14:35:50.150 [main] PackageRelationshipCollection - Parsing relationship: /xl/worksheets/_rels/sheet4.xml.rels
[DEBUG] 2022-07-07 14:35:50.152 [main] PackageRelationshipCollection - Parsing relationship: /_rels/.rels
[DEBUG] 2022-07-07 14:35:50.162 [main] POIXMLFactory - using default POIXMLDocumentPart for http://schemas.openxmlformats.org/officeDocument/2006/relationships/printerSettings
[DEBUG] 2022-07-07 14:35:50.162 [main] POIXMLFactory - using default POIXMLDocumentPart for http://schemas.openxmlformats.org/officeDocument/2006/relationships/printerSettings
[DEBUG] 2022-07-07 14:35:50.162 [main] POIXMLFactory - using default POIXMLDocumentPart for http://schemas.openxmlformats.org/officeDocument/2006/relationships/printerSettings
[DEBUG] 2022-07-07 14:35:50.162 [main] POIXMLFactory - using default POIXMLDocumentPart for http://schemas.openxmlformats.org/officeDocument/2006/relationships/printerSettings
[DEBUG] 2022-07-07 14:35:50.299 [main] PackageRelationshipCollection - Parsing relationship: /xl/_rels/workbook.xml.rels
[DEBUG] 2022-07-07 14:35:50.300 [main] PackageRelationshipCollection - Parsing relationship: /xl/worksheets/_rels/sheet1.xml.rels
[DEBUG] 2022-07-07 14:35:50.300 [main] PackageRelationshipCollection - Parsing relationship: /xl/worksheets/_rels/sheet2.xml.rels
[DEBUG] 2022-07-07 14:35:50.301 [main] PackageRelationshipCollection - Parsing relationship: /xl/worksheets/_rels/sheet3.xml.rels
[DEBUG] 2022-07-07 14:35:50.302 [main] PackageRelationshipCollection - Parsing relationship: /xl/worksheets/_rels/sheet4.xml.rels
[DEBUG] 2022-07-07 14:35:50.302 [main] PackageRelationshipCollection - Parsing relationship: /_rels/.rels
[DEBUG] 2022-07-07 14:35:50.312 [main] POIXMLFactory - using default POIXMLDocumentPart for http://schemas.openxmlformats.org/officeDocument/2006/relationships/printerSettings
[DEBUG] 2022-07-07 14:35:50.312 [main] POIXMLFactory - using default POIXMLDocumentPart for http://schemas.openxmlformats.org/officeDocument/2006/relationships/printerSettings
[DEBUG] 2022-07-07 14:35:50.313 [main] POIXMLFactory - using default POIXMLDocumentPart for http://schemas.openxmlformats.org/officeDocument/2006/relationships/printerSettings
[DEBUG] 2022-07-07 14:35:50.313 [main] POIXMLFactory - using default POIXMLDocumentPart for http://schemas.openxmlformats.org/officeDocument/2006/relationships/printerSettings
[DEBUG] 2022-07-07 14:35:50.415 [main] PackageRelationshipCollection - Parsing relationship: /xl/_rels/workbook.xml.rels
[DEBUG] 2022-07-07 14:35:50.416 [main] PackageRelationshipCollection - Parsing relationship: /xl/worksheets/_rels/sheet1.xml.rels
[DEBUG] 2022-07-07 14:35:50.417 [main] PackageRelationshipCollection - Parsing relationship: /xl/worksheets/_rels/sheet2.xml.rels
[DEBUG] 2022-07-07 14:35:50.418 [main] PackageRelationshipCollection - Parsing relationship: /xl/worksheets/_rels/sheet3.xml.rels
[DEBUG] 2022-07-07 14:35:50.418 [main] PackageRelationshipCollection - Parsing relationship: /xl/worksheets/_rels/sheet4.xml.rels
[DEBUG] 2022-07-07 14:35:50.419 [main] PackageRelationshipCollection - Parsing relationship: /_rels/.rels
[DEBUG] 2022-07-07 14:35:50.424 [main] POIXMLFactory - using default POIXMLDocumentPart for http://schemas.openxmlformats.org/officeDocument/2006/relationships/printerSettings
[DEBUG] 2022-07-07 14:35:50.424 [main] POIXMLFactory - using default POIXMLDocumentPart for http://schemas.openxmlformats.org/officeDocument/2006/relationships/printerSettings
[DEBUG] 2022-07-07 14:35:50.424 [main] POIXMLFactory - using default POIXMLDocumentPart for http://schemas.openxmlformats.org/officeDocument/2006/relationships/printerSettings
[DEBUG] 2022-07-07 14:35:50.425 [main] POIXMLFactory - using default POIXMLDocumentPart for http://schemas.openxmlformats.org/officeDocument/2006/relationships/printerSettings
[DEBUG] 2022-07-07 14:35:50.647 [main] PackageRelationshipCollection - Parsing relationship: /xl/_rels/workbook.xml.rels
[DEBUG] 2022-07-07 14:35:50.648 [main] PackageRelationshipCollection - Parsing relationship: /xl/worksheets/_rels/sheet1.xml.rels
[DEBUG] 2022-07-07 14:35:50.649 [main] PackageRelationshipCollection - Parsing relationship: /xl/worksheets/_rels/sheet2.xml.rels
[DEBUG] 2022-07-07 14:35:50.650 [main] PackageRelationshipCollection - Parsing relationship: /xl/worksheets/_rels/sheet3.xml.rels
[DEBUG] 2022-07-07 14:35:50.650 [main] PackageRelationshipCollection - Parsing relationship: /xl/worksheets/_rels/sheet4.xml.rels
[DEBUG] 2022-07-07 14:35:50.651 [main] PackageRelationshipCollection - Parsing relationship: /_rels/.rels
[DEBUG] 2022-07-07 14:35:50.658 [main] POIXMLFactory - using default POIXMLDocumentPart for http://schemas.openxmlformats.org/officeDocument/2006/relationships/printerSettings
[DEBUG] 2022-07-07 14:35:50.658 [main] POIXMLFactory - using default POIXMLDocumentPart for http://schemas.openxmlformats.org/officeDocument/2006/relationships/printerSettings
[DEBUG] 2022-07-07 14:35:50.659 [main] POIXMLFactory - using default POIXMLDocumentPart for http://schemas.openxmlformats.org/officeDocument/2006/relationships/printerSettings
[DEBUG] 2022-07-07 14:35:50.659 [main] POIXMLFactory - using default POIXMLDocumentPart for http://schemas.openxmlformats.org/officeDocument/2006/relationships/printerSettings
[DEBUG] 2022-07-07 14:35:50.926 [main] PackageRelationshipCollection - Parsing relationship: /xl/_rels/workbook.xml.rels
[DEBUG] 2022-07-07 14:35:50.927 [main] PackageRelationshipCollection - Parsing relationship: /xl/worksheets/_rels/sheet1.xml.rels
[DEBUG] 2022-07-07 14:35:50.929 [main] PackageRelationshipCollection - Parsing relationship: /xl/worksheets/_rels/sheet2.xml.rels
[DEBUG] 2022-07-07 14:35:50.930 [main] PackageRelationshipCollection - Parsing relationship: /xl/worksheets/_rels/sheet3.xml.rels
[DEBUG] 2022-07-07 14:35:50.931 [main] PackageRelationshipCollection - Parsing relationship: /xl/worksheets/_rels/sheet4.xml.rels
[DEBUG] 2022-07-07 14:35:50.932 [main] PackageRelationshipCollection - Parsing relationship: /_rels/.rels
[DEBUG] 2022-07-07 14:35:50.943 [main] POIXMLFactory - using default POIXMLDocumentPart for http://schemas.openxmlformats.org/officeDocument/2006/relationships/printerSettings
[DEBUG] 2022-07-07 14:35:50.944 [main] POIXMLFactory - using default POIXMLDocumentPart for http://schemas.openxmlformats.org/officeDocument/2006/relationships/printerSettings
[DEBUG] 2022-07-07 14:35:50.946 [main] POIXMLFactory - using default POIXMLDocumentPart for http://schemas.openxmlformats.org/officeDocument/2006/relationships/printerSettings
[DEBUG] 2022-07-07 14:35:50.947 [main] POIXMLFactory - using default POIXMLDocumentPart for http://schemas.openxmlformats.org/officeDocument/2006/relationships/printerSettings
[DEBUG] 2022-07-07 14:35:52.124 [main] PackageRelationshipCollection - Parsing relationship: /xl/_rels/workbook.xml.rels
[DEBUG] 2022-07-07 14:35:52.125 [main] PackageRelationshipCollection - Parsing relationship: /xl/worksheets/_rels/sheet1.xml.rels
[DEBUG] 2022-07-07 14:35:52.125 [main] PackageRelationshipCollection - Parsing relationship: /xl/worksheets/_rels/sheet2.xml.rels
[DEBUG] 2022-07-07 14:35:52.126 [main] PackageRelationshipCollection - Parsing relationship: /xl/worksheets/_rels/sheet3.xml.rels
[DEBUG] 2022-07-07 14:35:52.127 [main] PackageRelationshipCollection - Parsing relationship: /xl/worksheets/_rels/sheet4.xml.rels
[DEBUG] 2022-07-07 14:35:52.127 [main] PackageRelationshipCollection - Parsing relationship: /_rels/.rels
[DEBUG] 2022-07-07 14:35:52.134 [main] POIXMLFactory - using default POIXMLDocumentPart for http://schemas.openxmlformats.org/officeDocument/2006/relationships/printerSettings
[DEBUG] 2022-07-07 14:35:52.134 [main] POIXMLFactory - using default POIXMLDocumentPart for http://schemas.openxmlformats.org/officeDocument/2006/relationships/printerSettings
[DEBUG] 2022-07-07 14:35:52.134 [main] POIXMLFactory - using default POIXMLDocumentPart for http://schemas.openxmlformats.org/officeDocument/2006/relationships/printerSettings
[DEBUG] 2022-07-07 14:35:52.134 [main] POIXMLFactory - using default POIXMLDocumentPart for http://schemas.openxmlformats.org/officeDocument/2006/relationships/printerSettings
[DEBUG] 2022-07-07 14:35:53.328 [main] PackageRelationshipCollection - Parsing relationship: /xl/_rels/workbook.xml.rels
[DEBUG] 2022-07-07 14:35:53.329 [main] PackageRelationshipCollection - Parsing relationship: /xl/worksheets/_rels/sheet1.xml.rels
[DEBUG] 2022-07-07 14:35:53.330 [main] PackageRelationshipCollection - Parsing relationship: /xl/worksheets/_rels/sheet2.xml.rels
[DEBUG] 2022-07-07 14:35:53.331 [main] PackageRelationshipCollection - Parsing relationship: /xl/worksheets/_rels/sheet3.xml.rels
[DEBUG] 2022-07-07 14:35:53.331 [main] PackageRelationshipCollection - Parsing relationship: /xl/worksheets/_rels/sheet4.xml.rels
[DEBUG] 2022-07-07 14:35:53.332 [main] PackageRelationshipCollection - Parsing relationship: /_rels/.rels
[DEBUG] 2022-07-07 14:35:53.339 [main] POIXMLFactory - using default POIXMLDocumentPart for http://schemas.openxmlformats.org/officeDocument/2006/relationships/printerSettings
[DEBUG] 2022-07-07 14:35:53.339 [main] POIXMLFactory - using default POIXMLDocumentPart for http://schemas.openxmlformats.org/officeDocument/2006/relationships/printerSettings
[DEBUG] 2022-07-07 14:35:53.339 [main] POIXMLFactory - using default POIXMLDocumentPart for http://schemas.openxmlformats.org/officeDocument/2006/relationships/printerSettings
[DEBUG] 2022-07-07 14:35:53.339 [main] POIXMLFactory - using default POIXMLDocumentPart for http://schemas.openxmlformats.org/officeDocument/2006/relationships/printerSettings
[DEBUG] 2022-07-07 14:35:54.511 [main] PackageRelationshipCollection - Parsing relationship: /xl/_rels/workbook.xml.rels
[DEBUG] 2022-07-07 14:35:54.512 [main] PackageRelationshipCollection - Parsing relationship: /xl/worksheets/_rels/sheet1.xml.rels
[DEBUG] 2022-07-07 14:35:54.513 [main] PackageRelationshipCollection - Parsing relationship: /xl/worksheets/_rels/sheet2.xml.rels
[DEBUG] 2022-07-07 14:35:54.514 [main] PackageRelationshipCollection - Parsing relationship: /xl/worksheets/_rels/sheet3.xml.rels
[DEBUG] 2022-07-07 14:35:54.514 [main] PackageRelationshipCollection - Parsing relationship: /xl/worksheets/_rels/sheet4.xml.rels
[DEBUG] 2022-07-07 14:35:54.515 [main] PackageRelationshipCollection - Parsing relationship: /_rels/.rels
[DEBUG] 2022-07-07 14:35:54.521 [main] POIXMLFactory - using default POIXMLDocumentPart for http://schemas.openxmlformats.org/officeDocument/2006/relationships/printerSettings
[DEBUG] 2022-07-07 14:35:54.521 [main] POIXMLFactory - using default POIXMLDocumentPart for http://schemas.openxmlformats.org/officeDocument/2006/relationships/printerSettings
[DEBUG] 2022-07-07 14:35:54.521 [main] POIXMLFactory - using default POIXMLDocumentPart for http://schemas.openxmlformats.org/officeDocument/2006/relationships/printerSettings
[DEBUG] 2022-07-07 14:35:54.521 [main] POIXMLFactory - using default POIXMLDocumentPart for http://schemas.openxmlformats.org/officeDocument/2006/relationships/printerSettings
[DEBUG] 2022-07-07 14:35:55.643 [main] PackageRelationshipCollection - Parsing relationship: /xl/_rels/workbook.xml.rels
[DEBUG] 2022-07-07 14:35:55.644 [main] PackageRelationshipCollection - Parsing relationship: /xl/worksheets/_rels/sheet1.xml.rels
[DEBUG] 2022-07-07 14:35:55.644 [main] PackageRelationshipCollection - Parsing relationship: /xl/worksheets/_rels/sheet2.xml.rels
[DEBUG] 2022-07-07 14:35:55.645 [main] PackageRelationshipCollection - Parsing relationship: /xl/worksheets/_rels/sheet3.xml.rels
[DEBUG] 2022-07-07 14:35:55.645 [main] PackageRelationshipCollection - Parsing relationship: /xl/worksheets/_rels/sheet4.xml.rels
[DEBUG] 2022-07-07 14:35:55.646 [main] PackageRelationshipCollection - Parsing relationship: /_rels/.rels
[DEBUG] 2022-07-07 14:35:55.653 [main] POIXMLFactory - using default POIXMLDocumentPart for http://schemas.openxmlformats.org/officeDocument/2006/relationships/printerSettings
[DEBUG] 2022-07-07 14:35:55.653 [main] POIXMLFactory - using default POIXMLDocumentPart for http://schemas.openxmlformats.org/officeDocument/2006/relationships/printerSettings
[DEBUG] 2022-07-07 14:35:55.653 [main] POIXMLFactory - using default POIXMLDocumentPart for http://schemas.openxmlformats.org/officeDocument/2006/relationships/printerSettings
[DEBUG] 2022-07-07 14:35:55.653 [main] POIXMLFactory - using default POIXMLDocumentPart for http://schemas.openxmlformats.org/officeDocument/2006/relationships/printerSettings
[DEBUG] 2022-07-07 14:35:55.841 [main] PackageRelationshipCollection - Parsing relationship: /xl/_rels/workbook.xml.rels
[DEBUG] 2022-07-07 14:35:55.842 [main] PackageRelationshipCollection - Parsing relationship: /xl/worksheets/_rels/sheet1.xml.rels
[DEBUG] 2022-07-07 14:35:55.842 [main] PackageRelationshipCollection - Parsing relationship: /xl/worksheets/_rels/sheet2.xml.rels
[DEBUG] 2022-07-07 14:35:55.843 [main] PackageRelationshipCollection - Parsing relationship: /xl/worksheets/_rels/sheet3.xml.rels
[DEBUG] 2022-07-07 14:35:55.843 [main] PackageRelationshipCollection - Parsing relationship: /xl/worksheets/_rels/sheet4.xml.rels
[DEBUG] 2022-07-07 14:35:55.844 [main] PackageRelationshipCollection - Parsing relationship: /_rels/.rels
[DEBUG] 2022-07-07 14:35:55.852 [main] POIXMLFactory - using default POIXMLDocumentPart for http://schemas.openxmlformats.org/officeDocument/2006/relationships/printerSettings
[DEBUG] 2022-07-07 14:35:55.853 [main] POIXMLFactory - using default POIXMLDocumentPart for http://schemas.openxmlformats.org/officeDocument/2006/relationships/printerSettings
[DEBUG] 2022-07-07 14:35:55.853 [main] POIXMLFactory - using default POIXMLDocumentPart for http://schemas.openxmlformats.org/officeDocument/2006/relationships/printerSettings
[DEBUG] 2022-07-07 14:35:55.853 [main] POIXMLFactory - using default POIXMLDocumentPart for http://schemas.openxmlformats.org/officeDocument/2006/relationships/printerSettings
</system-out>
  </testcase>
</testsuite>