<?xml version="1.0" encoding="UTF-8"?>
<testng-results ignored="0" total="2" passed="2" failed="0" skipped="0">
  <reporter-output>
  </reporter-output>
  <suite started-at="2022-07-13T13:14:49 WAT" name="Suite" finished-at="2022-07-13T13:15:10 WAT" duration-ms="20615">
    <groups>
    </groups>
    <test started-at="2022-07-13T13:14:49 WAT" name="Parallel Test" finished-at="2022-07-13T13:15:10 WAT" duration-ms="20615">
      <class name="TestLogin">
        <test-method is-config="true" signature="beforeSuite()[pri:0, instance:TestLogin@51e69659]" started-at="2022-07-13T13:14:42 WAT" name="beforeSuite" finished-at="2022-07-13T13:14:49 WAT" duration-ms="7274" status="PASS">
          <reporter-output>
          </reporter-output>
        </test-method> <!-- beforeSuite -->
        <test-method signature="NegativeTests()[pri:0, instance:TestLogin@51e69659]" started-at="2022-07-13T13:14:49 WAT" name="NegativeTests" finished-at="2022-07-13T13:15:06 WAT" duration-ms="17290" status="PASS">
          <reporter-output>
          </reporter-output>
        </test-method> <!-- NegativeTests -->
        <test-method is-config="true" signature="afterMethod(org.testng.ITestResult)[pri:0, instance:TestLogin@51e69659]" started-at="2022-07-13T13:15:07 WAT" name="afterMethod" finished-at="2022-07-13T13:15:07 WAT" duration-ms="219" status="PASS">
          <params>
            <param index="0">
              <value>
                <![CDATA[[TestResult name=NegativeTests status=SUCCESS method=TestLogin.NegativeTests()[pri:0, instance:TestLogin@51e69659] output={null}]]]>
              </value>
            </param>
          </params>
          <reporter-output>
          </reporter-output>
        </test-method> <!-- afterMethod -->
        <test-method signature="ValidEmailAndPassword()[pri:0, instance:TestLogin@51e69659]" started-at="2022-07-13T13:15:07 WAT" name="ValidEmailAndPassword" finished-at="2022-07-13T13:15:10 WAT" duration-ms="2890" status="PASS">
          <reporter-output>
          </reporter-output>
        </test-method> <!-- ValidEmailAndPassword -->
        <test-method is-config="true" signature="afterMethod(org.testng.ITestResult)[pri:0, instance:TestLogin@51e69659]" started-at="2022-07-13T13:15:10 WAT" name="afterMethod" finished-at="2022-07-13T13:15:10 WAT" duration-ms="177" status="PASS">
          <params>
            <param index="0">
              <value>
                <![CDATA[[TestResult name=ValidEmailAndPassword status=SUCCESS method=TestLogin.ValidEmailAndPassword()[pri:0, instance:TestLogin@51e69659] output={null}]]]>
              </value>
            </param>
          </params>
          <reporter-output>
          </reporter-output>
        </test-method> <!-- afterMethod -->
        <test-method is-config="true" signature="afterClass()[pri:0, instance:TestLogin@51e69659]" started-at="2022-07-13T13:15:10 WAT" name="afterClass" finished-at="2022-07-13T13:15:10 WAT" duration-ms="0" status="PASS">
          <reporter-output>
          </reporter-output>
        </test-method> <!-- afterClass -->
      </class> <!-- TestLogin -->
    </test> <!-- Parallel Test -->
  </suite> <!-- Suite -->
</testng-results>
