<?xml version="1.0" encoding="UTF-8"?>
<testng-results ignored="0" total="1" passed="1" failed="0" skipped="0">
  <reporter-output>
  </reporter-output>
  <suite started-at="2022-06-15T11:06:40 WAT" name="Default suite" finished-at="2022-06-15T11:06:53 WAT" duration-ms="12844">
    <groups>
    </groups>
    <test started-at="2022-06-15T11:06:40 WAT" name="Default test" finished-at="2022-06-15T11:06:53 WAT" duration-ms="12844">
      <class name="TestLogin">
        <test-method is-config="true" signature="beforeSuite()[pri:0, instance:TestLogin@428640fa]" started-at="2022-06-15T11:06:32 WAT" name="beforeSuite" finished-at="2022-06-15T11:06:40 WAT" duration-ms="7879" status="PASS">
          <reporter-output>
          </reporter-output>
        </test-method> <!-- beforeSuite -->
        <test-method signature="Login()[pri:0, instance:TestLogin@428640fa]" started-at="2022-06-15T11:06:40 WAT" name="Login" finished-at="2022-06-15T11:06:43 WAT" duration-ms="2488" status="PASS">
          <reporter-output>
          </reporter-output>
        </test-method> <!-- Login -->
        <test-method is-config="true" signature="afterMethod(org.testng.ITestResult)[pri:0, instance:TestLogin@428640fa]" started-at="2022-06-15T11:06:43 WAT" name="afterMethod" finished-at="2022-06-15T11:06:43 WAT" duration-ms="5" status="PASS">
          <params>
            <param index="0">
              <value>
                <![CDATA[[TestResult name=Login status=SUCCESS method=TestLogin.Login()[pri:0, instance:TestLogin@428640fa] output={null}]]]>
              </value>
            </param>
          </params>
          <reporter-output>
          </reporter-output>
        </test-method> <!-- afterMethod -->
        <test-method is-config="true" signature="afterClass()[pri:0, instance:TestLogin@428640fa]" started-at="2022-06-15T11:06:43 WAT" name="afterClass" finished-at="2022-06-15T11:06:53 WAT" duration-ms="10315" status="PASS">
          <reporter-output>
          </reporter-output>
        </test-method> <!-- afterClass -->
      </class> <!-- TestLogin -->
    </test> <!-- Default test -->
  </suite> <!-- Default suite -->
</testng-results>
